<?xml version="1.0" encoding="UTF-8"?>
<testng-results ignored="0" total="3" passed="3" failed="0" skipped="0">
  <reporter-output>
  </reporter-output>
  <suite started-at="2022-01-10T05:22:10Z" name="Test" finished-at="2022-01-10T05:22:35Z" duration-ms="25122">
    <groups>
    </groups>
    <test started-at="2022-01-10T05:22:10Z" name="GoogleHomePageTest" finished-at="2022-01-10T05:22:26Z" duration-ms="16158">
      <class name="tests.HomePageTest">
        <test-method is-config="true" signature="setup()[pri:0, instance:tests.HomePageTest@58ea606c]" started-at="2022-01-10T05:22:10Z" name="setup" finished-at="2022-01-10T05:22:25Z" duration-ms="14360" status="PASS">
          <reporter-output>
          </reporter-output>
        </test-method> <!-- setup -->
        <test-method signature="searchTest()[pri:0, instance:tests.HomePageTest@58ea606c]" started-at="2022-01-10T05:22:25Z" name="searchTest" finished-at="2022-01-10T05:22:26Z" duration-ms="1129" status="PASS">
          <reporter-output>
          </reporter-output>
        </test-method> <!-- searchTest -->
        <test-method is-config="true" signature="tearDown()[pri:0, instance:tests.HomePageTest@58ea606c]" started-at="2022-01-10T05:22:26Z" name="tearDown" finished-at="2022-01-10T05:22:26Z" duration-ms="653" status="PASS">
          <reporter-output>
          </reporter-output>
        </test-method> <!-- tearDown -->
      </class> <!-- tests.HomePageTest -->
    </test> <!-- GoogleHomePageTest -->
    <test started-at="2022-01-10T05:22:26Z" name="GoogleSearchResultPageTest1" finished-at="2022-01-10T05:22:31Z" duration-ms="4598">
      <class name="tests.SearchParameterResultPage">
        <test-method is-config="true" signature="setup()[pri:0, instance:tests.SearchParameterResultPage@484970b0]" started-at="2022-01-10T05:22:26Z" name="setup" finished-at="2022-01-10T05:22:28Z" duration-ms="1175" status="PASS">
          <reporter-output>
          </reporter-output>
        </test-method> <!-- setup -->
        <test-method signature="searchResultTest(java.lang.String, int)[pri:0, instance:tests.SearchParameterResultPage@484970b0]" started-at="2022-01-10T05:22:28Z" name="searchResultTest" finished-at="2022-01-10T05:22:30Z" duration-ms="2763" status="PASS">
          <params>
            <param index="0">
              <value>
                <![CDATA[Docker]]>
              </value>
            </param>
            <param index="1">
              <value>
                <![CDATA[2]]>
              </value>
            </param>
          </params>
          <reporter-output>
          </reporter-output>
        </test-method> <!-- searchResultTest -->
        <test-method is-config="true" signature="tearDown()[pri:0, instance:tests.SearchParameterResultPage@484970b0]" started-at="2022-01-10T05:22:30Z" name="tearDown" finished-at="2022-01-10T05:22:31Z" duration-ms="654" status="PASS">
          <reporter-output>
          </reporter-output>
        </test-method> <!-- tearDown -->
      </class> <!-- tests.SearchParameterResultPage -->
    </test> <!-- GoogleSearchResultPageTest1 -->
    <test started-at="2022-01-10T05:22:31Z" name="GoogleSearchResultPageTest2" finished-at="2022-01-10T05:22:35Z" duration-ms="4274">
      <class name="tests.SearchParameterResultPage">
        <test-method is-config="true" signature="setup()[pri:0, instance:tests.SearchParameterResultPage@60015ef5]" started-at="2022-01-10T05:22:31Z" name="setup" finished-at="2022-01-10T05:22:32Z" duration-ms="1123" status="PASS">
          <reporter-output>
          </reporter-output>
        </test-method> <!-- setup -->
        <test-method signature="searchResultTest(java.lang.String, int)[pri:0, instance:tests.SearchParameterResultPage@60015ef5]" started-at="2022-01-10T05:22:32Z" name="searchResultTest" finished-at="2022-01-10T05:22:35Z" duration-ms="2506" status="PASS">
          <params>
            <param index="0">
              <value>
                <![CDATA[Selenium]]>
              </value>
            </param>
            <param index="1">
              <value>
                <![CDATA[3]]>
              </value>
            </param>
          </params>
          <reporter-output>
          </reporter-output>
        </test-method> <!-- searchResultTest -->
        <test-method is-config="true" signature="tearDown()[pri:0, instance:tests.SearchParameterResultPage@60015ef5]" started-at="2022-01-10T05:22:35Z" name="tearDown" finished-at="2022-01-10T05:22:35Z" duration-ms="642" status="PASS">
          <reporter-output>
          </reporter-output>
        </test-method> <!-- tearDown -->
      </class> <!-- tests.SearchParameterResultPage -->
    </test> <!-- GoogleSearchResultPageTest2 -->
  </suite> <!-- Test -->
</testng-results>
